[2015-05-02 17:58:52] START
[2015-05-02 17:59:37] EDIT onlineexam/controllers/default.py: -16
[2015-05-02 18:00:28] EDIT onlineexam/models/menu.py: -78
[2015-05-02 18:01:01] CREATE db1.py: 0
[2015-05-02 18:01:29] EDIT onlineexam/models/db1.py: 7
[2015-05-02 18:02:09] EDIT onlineexam/models/db.py: 0
[2015-05-02 18:03:22] EDIT onlineexam/views/default/index.html: -28
[2015-05-02 18:04:39] CREATE default/edit.html: 0
[2015-05-02 18:04:56] EDIT onlineexam/views/default/edit.html: 2
[2015-05-02 18:05:20] CREATE edit.html: 0
[2015-05-02 18:05:34] EDIT onlineexam/views/edit.html: 2
[2015-05-02 18:06:04] CREATE default/profile.html: 0
[2015-05-02 18:06:17] EDIT onlineexam/views/default/profile.html: 60
[2015-05-02 18:06:28] CREATE profile.html: 0
[2015-05-02 18:06:45] EDIT onlineexam/views/profile.html: 60
[2015-05-02 18:19:56] EDIT onlineexam/views/default/index.html: 1
[2015-05-02 18:20:41] EDIT onlineexam/views/default/index.html: 0
[2015-05-02 18:22:45] EDIT onlineexam/views/default/index.html: 0
[2015-05-02 18:23:04] EDIT onlineexam/views/default/index.html: 0
[2015-05-02 18:23:36] EDIT onlineexam/views/default/index.html: 0
[2015-05-02 18:25:01] EDIT onlineexam/views/default/index.html: 0
[2015-05-02 18:25:57] EDIT onlineexam/views/default/index.html: 0
[2015-05-02 18:26:21] EDIT onlineexam/views/default/index.html: 0
[2015-05-02 18:27:33] EDIT onlineexam/views/default/index.html: 0
[2015-05-02 18:28:24] EDIT onlineexam/views/default/index.html: 0
[2015-05-02 18:28:37] EDIT onlineexam/views/default/index.html: 0
[2015-05-02 18:37:45] EDIT onlineexam/views/default/index.html: 4
[2015-05-02 18:41:51] EDIT onlineexam/models/menu.py: -10
[2015-05-02 18:46:29] EDIT onlineexam/models/menu.py: -15
[2015-05-02 18:46:33] EDIT onlineexam/models/menu.py: 0
[2015-05-02 18:46:51] EDIT onlineexam/models/menu.py: 0
[2015-05-02 18:48:59] EDIT onlineexam/models/menu.py: -1
[2015-05-02 18:49:28] EDIT onlineexam/models/menu.py: 1
[2015-05-02 18:50:07] CREATE iq1.py: 0
[2015-05-02 20:06:22] CREATE iq1.html: 0
[2015-05-02 20:09:24] EDIT onlineexam/views/iq1.html: 3
[2015-05-02 20:12:47] CREATE default/iq1.html: 0
[2015-05-02 20:14:00] EDIT onlineexam/views/default/iq1.html: 3
[2015-05-02 20:15:43] EDIT onlineexam/controllers/default.py: 2
[2015-05-02 23:54:55] CREATE q1.py: 0
[2015-05-03 00:27:01] EDIT onlineexam/controllers/default.py: 5
[2015-05-03 00:27:08] EDIT onlineexam/controllers/default.py: 0
[2015-05-03 00:36:52] EDIT onlineexam/controllers/default.py: 2
[2015-05-03 00:38:04] EDIT onlineexam/views/default/iq1.html: 1
[2015-05-03 00:38:50] EDIT onlineexam/controllers/default.py: 0
[2015-05-03 00:45:07] EDIT onlineexam/controllers/default.py: 1
[2015-05-03 10:51:55] EDIT onlineexam/views/default/iq1.html: 2
[2015-05-03 10:59:24] EDIT onlineexam/models/q1.py: 2
[2015-05-03 10:59:40] EDIT onlineexam/models/q1.py: 0
[2015-05-03 11:07:18] EDIT onlineexam/controllers/default.py: -2
[2015-05-03 11:08:16] EDIT onlineexam/controllers/default.py: 0
[2015-05-03 11:08:45] EDIT onlineexam/models/q1.py: 0
[2015-05-03 11:10:46] EDIT onlineexam/views/default/iq1.html: 8
[2015-05-03 11:12:03] EDIT onlineexam/controllers/default.py: 0
[2015-05-03 11:12:45] EDIT onlineexam/controllers/default.py: 0
[2015-05-03 11:16:32] EDIT onlineexam/controllers/default.py: 0
[2015-05-03 11:17:25] EDIT onlineexam/controllers/default.py: 0
[2015-05-03 11:17:59] EDIT onlineexam/controllers/default.py: 0
[2015-05-03 11:23:03] EDIT onlineexam/controllers/default.py: 1
[2015-05-03 11:24:36] EDIT onlineexam/views/default/iq1.html: 12
[2015-05-03 11:25:50] EDIT onlineexam/views/default/iq1.html: 2
[2015-05-03 11:27:51] EDIT onlineexam/controllers/default.py: 0
[2015-05-03 11:28:37] EDIT onlineexam/views/default/iq1.html: 0
[2015-05-03 11:28:40] EDIT onlineexam/controllers/default.py: 0
[2015-05-03 11:38:10] EDIT onlineexam/controllers/default.py: 0
[2015-05-03 11:39:45] EDIT onlineexam/controllers/default.py: 0
[2015-05-03 11:40:43] EDIT onlineexam/controllers/default.py: 0
[2015-05-03 12:02:05] EDIT onlineexam/controllers/default.py: 0
[2015-05-03 12:06:05] EDIT onlineexam/controllers/default.py: 0
[2015-05-03 13:05:24] EDIT onlineexam/controllers/default.py: 0
[2015-05-03 14:38:59] EDIT onlineexam/controllers/default.py: 0
[2015-05-03 14:39:03] EDIT onlineexam/controllers/default.py: 0
[2015-05-03 14:39:17] EDIT onlineexam/controllers/default.py: 0
[2015-05-03 14:40:07] EDIT onlineexam/controllers/default.py: 0
[2015-05-03 14:51:45] EDIT onlineexam/views/default/iq1.html: 6
[2015-05-03 14:53:37] EDIT onlineexam/views/default/iq1.html: 0
[2015-05-03 14:54:02] EDIT onlineexam/controllers/default.py: -4
[2015-05-03 15:00:05] EDIT onlineexam/controllers/default.py: 7
[2015-05-03 15:09:24] EDIT onlineexam/controllers/default.py: -7
[2015-05-03 15:09:29] EDIT onlineexam/views/default/iq1.html: 0
[2015-05-03 15:11:36] EDIT onlineexam/views/default/iq1.html: -12
[2015-05-03 15:25:15] EDIT onlineexam/views/default/iq1.html: 96
[2015-05-03 15:27:23] EDIT onlineexam/views/default/iq1.html: 0
[2015-05-03 15:37:44] CREATE iq1-1.html: 0
[2015-05-03 15:39:00] DELETE onlineexam/views/iq1-1.html: -3
[2015-05-03 15:39:54] CREATE Q1a.html: 0
[2015-05-03 15:41:14] EDIT onlineexam/views/Q1a.html: 6
[2015-05-03 15:41:34] EDIT onlineexam/views/default/iq1.html: -8
[2015-05-03 15:43:16] CREATE Q1b.html: 0
[2015-05-03 15:43:28] EDIT onlineexam/views/Q1b.html: 7
[2015-05-03 15:43:40] CREATE Q1c.html: 0
[2015-05-03 15:44:28] EDIT onlineexam/views/Q1c.html: 6
[2015-05-03 15:44:56] CREATE Q1d.html: 0
[2015-05-03 15:45:09] EDIT onlineexam/views/Q1d.html: 6
[2015-05-03 15:45:18] CREATE Q1e.html: 0
[2015-05-03 15:47:05] EDIT onlineexam/views/Q1e.html: 6
[2015-05-03 15:47:16] EDIT onlineexam/views/default/iq1.html: -16
[2015-05-03 15:47:23] EDIT onlineexam/views/Q1d.html: 0
[2015-05-03 15:47:26] EDIT onlineexam/views/Q1c.html: 0
[2015-05-03 15:47:29] EDIT onlineexam/views/Q1b.html: 0
[2015-05-03 15:47:31] EDIT onlineexam/views/Q1a.html: 0
[2015-05-03 15:48:44] EDIT onlineexam/views/default/iq1.html: -16
[2015-05-03 15:51:01] EDIT onlineexam/views/default/iq1.html: 1
[2015-05-03 15:51:36] EDIT onlineexam/views/default/iq1.html: 0
[2015-05-03 15:52:40] EDIT onlineexam/views/default/iq1.html: 0
[2015-05-03 15:52:43] EDIT onlineexam/views/default/iq1.html: 0
[2015-05-03 15:53:12] EDIT onlineexam/views/default/iq1.html: 0
[2015-05-03 15:59:44] EDIT onlineexam/views/default/iq1.html: 39
[2015-05-03 16:34:12] EDIT onlineexam/views/default/iq1.html: 15
[2015-05-03 16:36:27] EDIT onlineexam/views/default/iq1.html: -15
[2015-05-03 16:44:12] EDIT onlineexam/views/default/iq1.html: 0
[2015-05-03 16:47:58] CREATE Q1b.py: 0
[2015-05-03 16:48:05] CREATE Q1c.py: 0
[2015-05-03 16:48:12] CREATE Q1d.py: 0
[2015-05-03 16:48:17] CREATE Q1e.py: 0
[2015-05-03 16:49:08] EDIT onlineexam/models/Q1e.py: 2
[2015-05-03 16:49:11] EDIT onlineexam/models/Q1d.py: 2
[2015-05-03 16:49:13] EDIT onlineexam/models/Q1c.py: 2
[2015-05-03 16:49:16] EDIT onlineexam/models/Q1b.py: 2
[2015-05-03 16:49:39] EDIT onlineexam/models/Q1b.py: 0
[2015-05-03 16:49:46] EDIT onlineexam/models/Q1c.py: 0
[2015-05-03 16:49:53] EDIT onlineexam/models/Q1d.py: 0
[2015-05-03 16:50:01] EDIT onlineexam/models/Q1e.py: 0
[2015-05-03 16:52:03] EDIT onlineexam/controllers/default.py: 8
[2015-05-03 16:53:35] EDIT onlineexam/views/default/iq1.html: 0
[2015-05-03 17:02:56] EDIT onlineexam/models/Q1b.py: 0
[2015-05-03 17:03:20] EDIT onlineexam/models/Q1c.py: 0
[2015-05-03 17:03:32] EDIT onlineexam/models/Q1d.py: 0
[2015-05-03 17:03:44] EDIT onlineexam/models/Q1e.py: 0
[2015-05-03 17:04:35] EDIT onlineexam/controllers/default.py: 0
[2015-05-03 17:08:11] EDIT onlineexam/models/Q1b.py: 0
[2015-05-03 17:09:42] EDIT onlineexam/models/Q1b.py: 0
[2015-05-03 17:11:23] EDIT onlineexam/models/Q1b.py: 0
[2015-05-03 17:13:13] EDIT onlineexam/models/Q1b.py: 0
[2015-05-03 17:15:17] EDIT onlineexam/models/q1.py: 8
[2015-05-03 17:15:36] DELETE onlineexam/models/Q1e.py: -2
[2015-05-03 17:15:43] DELETE onlineexam/models/Q1b.py: -2
[2015-05-03 17:15:47] DELETE onlineexam/models/Q1c.py: -2
[2015-05-03 17:15:55] DELETE onlineexam/models/Q1d.py: -2
[2015-05-03 17:24:12] EDIT onlineexam/views/default/iq1.html: 1
[2015-05-03 17:24:42] EDIT onlineexam/views/default/iq1.html: 0
[2015-05-03 17:25:55] EDIT onlineexam/views/default/iq1.html: 1
[2015-05-03 17:27:25] EDIT onlineexam/views/default/iq1.html: 0
[2015-05-03 19:28:34] CREATE default/marks.html: 0
[2015-05-03 19:42:39] EDIT onlineexam/views/default/iq1.html: 2
[2015-05-03 19:43:07] EDIT onlineexam/views/default/iq1.html: 0
[2015-05-03 19:43:34] EDIT onlineexam/views/default/iq1.html: 0
[2015-05-03 19:44:31] EDIT onlineexam/views/default/iq1.html: 0
[2015-05-03 19:44:37] EDIT onlineexam/views/default/iq1.html: 0
[2015-05-03 19:45:26] EDIT onlineexam/views/default/iq1.html: 0
[2015-05-03 19:46:10] EDIT onlineexam/views/default/marks.html: 5
[2015-05-03 19:50:08] EDIT onlineexam/views/default/iq1.html: -40
[2015-05-03 19:50:11] EDIT onlineexam/views/default/marks.html: 24
[2015-05-03 19:51:19] EDIT onlineexam/views/default/marks.html: 5
[2015-05-03 19:52:38] EDIT onlineexam/controllers/default.py: 7
[2015-05-03 19:54:18] EDIT onlineexam/views/default/marks.html: 3
[2015-05-03 20:01:15] EDIT onlineexam/models/menu.py: 0
[2015-05-03 20:23:35] EDIT onlineexam/controllers/default.py: 5
[2015-05-03 20:29:54] EDIT onlineexam/controllers/default.py: 0
[2015-05-03 20:30:21] EDIT onlineexam/controllers/default.py: 0
[2015-05-03 20:30:22] EDIT onlineexam/controllers/default.py: 0
[2015-05-03 20:31:01] EDIT onlineexam/controllers/default.py: 0
[2015-05-03 20:31:02] EDIT onlineexam/controllers/default.py: 0
[2015-05-03 20:31:02] EDIT onlineexam/controllers/default.py: 0
[2015-05-03 20:31:03] EDIT onlineexam/controllers/default.py: 0
[2015-05-03 20:34:07] EDIT onlineexam/controllers/default.py: 0
[2015-05-03 20:35:33] EDIT onlineexam/controllers/default.py: 0
[2015-05-03 22:18:57] EDIT onlineexam/controllers/default.py: -5
[2015-05-03 22:20:28] CREATE q2.py: 0
[2015-05-03 22:21:09] EDIT onlineexam/models/q2.py: 10
[2015-05-03 22:22:28] CREATE q2a.html: 0
[2015-05-03 22:22:44] CREATE q2b.html: 0
[2015-05-03 22:22:54] CREATE q2c.html: 0
[2015-05-03 22:23:01] CREATE q2d.html: 0
[2015-05-03 22:23:08] CREATE q2e.html: 0
[2015-05-03 22:24:07] CREATE default/iq2.html: 0
[2015-05-03 22:53:36] EDIT onlineexam/views/default/iq2.html: 82
[2015-05-03 22:54:37] EDIT onlineexam/views/q2a.html: 6
[2015-05-03 22:58:01] EDIT onlineexam/models/q2.py: 0
[2015-05-03 23:09:44] DELETE onlineexam/views/Q1a.html: -9
[2015-05-03 23:09:48] DELETE onlineexam/views/Q1b.html: -10
[2015-05-03 23:09:52] DELETE onlineexam/views/Q1c.html: -9
[2015-05-03 23:09:57] DELETE onlineexam/views/Q1d.html: -9
[2015-05-03 23:10:01] DELETE onlineexam/views/Q1e.html: -9
[2015-05-03 23:10:11] DELETE onlineexam/views/q2a.html: -9
[2015-05-03 23:10:18] DELETE onlineexam/views/q2d.html: -3
[2015-05-03 23:10:24] DELETE onlineexam/views/q2c.html: -3
[2015-05-03 23:10:30] DELETE onlineexam/views/q2b.html: -3
[2015-05-03 23:10:36] DELETE onlineexam/views/q2e.html: -3
[2015-05-03 23:11:00] CREATE marks2.html: 0
[2015-05-03 23:11:35] EDIT onlineexam/views/marks2.html: 38
[2015-05-03 23:13:36] EDIT onlineexam/views/marks2.html: 0
[2015-05-03 23:16:05] EDIT onlineexam/controllers/default.py: 20
[2015-05-03 23:20:33] EDIT onlineexam/views/marks2.html: -1
[2015-05-03 23:22:23] EDIT onlineexam/views/marks2.html: 0
[2015-05-03 23:24:17] EDIT onlineexam/views/default/iq2.html: 0
[2015-05-03 23:25:42] CREATE default/marks2.html: 0
[2015-05-03 23:25:57] EDIT onlineexam/views/default/marks2.html: 38
[2015-05-03 23:27:12] EDIT onlineexam/models/menu.py: 0
[2015-05-03 23:32:08] EDIT onlineexam/models/menu.py: 0
[2015-05-03 23:32:33] EDIT onlineexam/views/default/index.html: 0
[2015-05-03 23:33:20] EDIT onlineexam/views/default/index.html: 0
[2015-05-03 23:34:03] EDIT onlineexam/views/default/index.html: 0
[2015-05-03 23:34:08] EDIT onlineexam/views/default/index.html: 0
[2015-05-03 23:34:10] EDIT onlineexam/views/default/index.html: 0
[2015-05-03 23:34:39] EDIT onlineexam/views/default/index.html: 0
[2015-05-03 23:36:40] EDIT onlineexam/views/default/index.html: -1
[2015-05-03 23:38:37] UPLOAD /home/madhur/web2py/applications/onlineexam/static/img.png: 30
[2015-05-03 23:39:45] EDIT onlineexam/views/default/index.html: 1
[2015-05-03 23:41:26] EDIT onlineexam/views/default/index.html: 0
[2015-05-04 00:26:26] EDIT onlineexam/controllers/default.py: 4
[2015-05-04 00:37:29] EDIT onlineexam/controllers/default.py: 1
[2015-05-04 00:44:25] EDIT onlineexam/controllers/default.py: 3
[2015-05-04 00:46:22] EDIT onlineexam/controllers/default.py: 1
[2015-05-04 00:50:37] EDIT onlineexam/views/default/marks2.html: -1
[2015-05-04 00:52:53] EDIT onlineexam/controllers/default.py: 5
[2015-05-04 00:57:56] EDIT onlineexam/views/default/profile.html: 0
[2015-05-04 13:05:59] EDIT onlineexam/models/db.py: 9
[2015-05-04 13:08:10] EDIT onlineexam/controllers/default.py: 1
[2015-05-04 13:14:33] EDIT onlineexam/views/default/profile.html: 8
[2015-05-04 13:15:46] EDIT onlineexam/models/db.py: -1
[2015-05-04 13:18:16] EDIT onlineexam/models/db.py: -1
[2015-05-04 13:28:52] EDIT onlineexam/views/default/profile.html: -1
[2015-05-04 13:29:56] EDIT onlineexam/views/default/profile.html: 0
[2015-05-04 13:30:05] EDIT onlineexam/views/default/profile.html: 0
[2015-05-04 13:34:05] EDIT onlineexam/views/default/profile.html: 0
[2015-05-04 13:35:33] EDIT onlineexam/models/db.py: -1
[2015-05-04 13:37:09] EDIT onlineexam/views/default/profile.html: -10
[2015-05-04 13:37:43] EDIT onlineexam/views/default/profile.html: 0
[2015-05-04 13:37:46] EDIT onlineexam/views/edit.html: 0
[2015-05-04 13:37:49] EDIT onlineexam/controllers/default.py: 0
[2015-05-04 20:02:12] EDIT onlineexam/views/default/marks.html: -1
[2015-05-04 20:02:18] EDIT onlineexam/controllers/default.py: 1
[2015-05-04 20:21:52] EDIT onlineexam/models/menu.py: 0
[2015-05-04 20:24:04] EDIT onlineexam/models/menu.py: 0
[2015-05-04 20:25:29] EDIT onlineexam/models/menu.py: 0
[2015-05-04 20:26:17] EDIT onlineexam/models/menu.py: 0
[2015-05-04 20:27:58] EDIT onlineexam/models/menu.py: 0
[2015-05-04 20:40:17] EDIT onlineexam/models/menu.py: 0
[2015-05-04 20:47:56] EDIT onlineexam/models/menu.py: 0
[2015-05-04 20:51:55] EDIT onlineexam/controllers/default.py: 0
[2015-05-04 20:53:27] EDIT onlineexam/views/default/iq1.html: 2
[2015-05-04 20:59:21] EDIT onlineexam/views/default/iq1.html: 1
[2015-05-04 20:59:54] EDIT onlineexam/views/default/iq1.html: 1
[2015-05-04 21:00:40] EDIT onlineexam/views/default/iq1.html: 0
[2015-05-04 21:01:22] EDIT onlineexam/views/default/iq1.html: 0
[2015-05-04 21:03:10] EDIT onlineexam/views/default/iq1.html: 16
[2015-05-04 21:04:32] EDIT onlineexam/views/default/iq1.html: 0
[2015-05-04 21:05:58] EDIT onlineexam/views/default/iq1.html: 0
[2015-05-04 21:07:24] EDIT onlineexam/views/default/marks.html: 1
[2015-05-04 21:16:24] EDIT onlineexam/models/db.py: 1
[2015-05-04 21:17:15] EDIT onlineexam/controllers/default.py: 1
[2015-05-04 21:17:22] EDIT onlineexam/controllers/default.py: 0
[2015-05-04 21:18:03] EDIT onlineexam/views/default/marks.html: 1
[2015-05-04 21:21:14] EDIT onlineexam/views/default/marks.html: 3
[2015-05-04 21:21:26] EDIT onlineexam/views/default/marks.html: 0
[2015-05-04 21:21:58] EDIT onlineexam/views/default/marks.html: 2
[2015-05-04 21:22:29] EDIT onlineexam/views/default/marks.html: 0
[2015-05-04 21:22:59] EDIT onlineexam/views/default/marks.html: 0
[2015-05-04 21:23:11] EDIT onlineexam/views/default/marks.html: 0
[2015-05-04 21:23:47] EDIT onlineexam/views/default/marks.html: 0
[2015-05-04 21:23:58] EDIT onlineexam/views/default/marks.html: 0
[2015-05-04 21:24:23] EDIT onlineexam/views/default/marks.html: -3
[2015-05-04 21:25:37] EDIT onlineexam/controllers/default.py: 2
[2015-05-04 21:26:24] EDIT onlineexam/controllers/default.py: 1
[2015-05-04 21:26:55] EDIT onlineexam/controllers/default.py: 0
[2015-05-04 21:27:27] EDIT onlineexam/controllers/default.py: 0
[2015-05-04 21:31:36] EDIT onlineexam/models/db.py: 0
[2015-05-04 21:32:15] EDIT onlineexam/controllers/default.py: 1
[2015-05-04 21:32:39] EDIT onlineexam/controllers/default.py: 0
[2015-05-04 21:33:00] EDIT onlineexam/controllers/default.py: 0
[2015-05-04 21:33:24] EDIT onlineexam/controllers/default.py: 0
[2015-05-04 21:33:56] EDIT onlineexam/controllers/default.py: 1
[2015-05-04 21:34:59] EDIT onlineexam/controllers/default.py: 0
[2015-05-04 21:35:16] EDIT onlineexam/controllers/default.py: 0
[2015-05-04 21:35:36] EDIT onlineexam/controllers/default.py: 0
[2015-05-04 21:36:17] EDIT onlineexam/controllers/default.py: -3
[2015-05-04 21:37:39] EDIT onlineexam/views/default/marks.html: 2
[2015-05-04 21:37:48] EDIT onlineexam/views/default/marks.html: 1
[2015-05-04 21:38:20] EDIT onlineexam/views/default/marks.html: 0
[2015-05-04 21:38:30] EDIT onlineexam/controllers/default.py: 0
[2015-05-04 21:38:45] EDIT onlineexam/controllers/default.py: 0
[2015-05-04 21:39:02] EDIT onlineexam/views/default/marks.html: 0
[2015-05-04 21:40:20] EDIT onlineexam/views/default/marks.html: -5
[2015-05-04 22:07:34] UPLOAD /home/swapnil/Downloads/web2py/applications/onlineexam/static/images.jpeg: 18
[2015-05-04 22:08:31] EDIT onlineexam/views/default/index.html: 2
[2015-05-04 22:11:20] EDIT onlineexam/views/default/index.html: 10
[2015-05-04 22:11:38] EDIT onlineexam/views/default/index.html: -1
[2015-05-04 22:11:54] EDIT onlineexam/views/default/index.html: 0
[2015-05-04 22:12:07] EDIT onlineexam/views/default/index.html: 0
[2015-05-04 22:13:46] UPLOAD /home/swapnil/Downloads/web2py/applications/onlineexam/static/inde.jpg: 2342
[2015-05-04 22:14:08] EDIT onlineexam/views/default/index.html: 0
[2015-05-04 22:16:01] EDIT onlineexam/views/default/index.html: 1
[2015-05-04 22:16:27] EDIT onlineexam/views/default/index.html: 0
[2015-05-04 22:16:55] EDIT onlineexam/views/default/index.html: 0
[2015-05-04 22:18:26] EDIT onlineexam/views/default/index.html: -1
[2015-05-04 22:18:39] EDIT onlineexam/views/default/index.html: 0
[2015-05-04 22:19:27] EDIT onlineexam/views/default/index.html: -1
[2015-05-04 22:20:22] EDIT onlineexam/views/default/index.html: 1
[2015-05-04 22:21:38] DELETE onlineexam/static/inde.jpg: -2342
[2015-05-04 22:21:46] UPLOAD /home/swapnil/Downloads/web2py/applications/onlineexam/static/home1.jpg: 997
[2015-05-04 22:22:08] EDIT onlineexam/views/default/index.html: 0
[2015-05-04 22:22:51] EDIT onlineexam/views/default/index.html: 1
[2015-05-04 22:23:22] EDIT onlineexam/views/default/index.html: 1
[2015-05-04 22:23:48] EDIT onlineexam/views/default/index.html: 0
[2015-05-04 22:24:10] EDIT onlineexam/views/default/index.html: 0
[2015-05-04 22:24:50] EDIT onlineexam/views/default/index.html: 1
[2015-05-04 22:25:01] EDIT onlineexam/views/default/index.html: 0
[2015-05-04 22:25:24] EDIT onlineexam/views/default/index.html: -1
[2015-05-04 22:25:37] EDIT onlineexam/views/default/index.html: 0
[2015-05-04 22:25:49] EDIT onlineexam/views/default/index.html: 0
[2015-05-04 22:26:20] EDIT onlineexam/views/default/index.html: 0
[2015-05-04 22:27:32] EDIT onlineexam/views/default/index.html: 0
[2015-05-04 22:32:56] EDIT onlineexam/views/default/index.html: 0
[2015-05-04 22:34:26] EDIT onlineexam/views/default/index.html: -2
[2015-05-04 22:35:24] EDIT onlineexam/views/default/index.html: 0
[2015-05-04 22:35:45] EDIT onlineexam/views/default/index.html: 0
[2015-05-04 22:36:18] EDIT onlineexam/views/default/index.html: 3
[2015-05-04 22:37:49] EDIT onlineexam/views/default/index.html: 0
[2015-05-04 22:38:04] EDIT onlineexam/views/default/index.html: 0
[2015-05-04 22:38:24] EDIT onlineexam/views/default/index.html: 0
[2015-05-04 22:39:25] EDIT onlineexam/views/default/index.html: 5
[2015-05-04 22:41:52] EDIT onlineexam/views/default/index.html: -4
[2015-05-04 22:48:08] EDIT onlineexam/views/layout.html: 0
[2015-05-04 22:50:03] EDIT onlineexam/views/layout.html: 0
[2015-05-04 22:50:24] EDIT onlineexam/views/layout.html: 0
[2015-05-04 22:51:00] EDIT onlineexam/views/layout.html: 0
[2015-05-04 22:52:46] EDIT onlineexam/views/layout.html: 0
[2015-05-04 22:52:58] EDIT onlineexam/views/layout.html: 0
[2015-05-04 22:55:25] EDIT onlineexam/views/layout.html: 0
[2015-05-04 22:57:31] EDIT onlineexam/views/layout.html: 0
[2015-05-04 23:03:20] EDIT onlineexam/views/default/index.html: 0
[2015-05-04 23:04:02] EDIT onlineexam/views/default/index.html: 1
[2015-05-04 23:04:05] EDIT onlineexam/views/default/index.html: 0
[2015-05-04 23:04:32] EDIT onlineexam/views/default/index.html: 1
[2015-05-04 23:04:41] EDIT onlineexam/views/default/index.html: 0
[2015-05-04 23:06:24] EDIT onlineexam/views/default/index.html: 6
[2015-05-04 23:06:49] EDIT onlineexam/views/default/index.html: 1
[2015-05-04 23:07:13] EDIT onlineexam/views/default/index.html: 2
[2015-05-04 23:07:41] EDIT onlineexam/views/default/index.html: 0
[2015-05-04 23:08:53] EDIT onlineexam/views/default/index.html: 0
[2015-05-04 23:09:13] EDIT onlineexam/views/default/index.html: 2
[2015-05-04 23:10:05] EDIT onlineexam/views/default/index.html: 0
[2015-05-04 23:10:33] EDIT onlineexam/views/default/index.html: 0
[2015-05-04 23:11:55] EDIT onlineexam/views/default/index.html: 0
[2015-05-04 23:12:13] EDIT onlineexam/views/default/index.html: 0
[2015-05-04 23:13:53] EDIT onlineexam/views/default/iq1.html: 3
[2015-05-04 23:14:35] UPLOAD /home/swapnil/Downloads/web2py/applications/onlineexam/static/test1: 126
[2015-05-04 23:14:46] DELETE onlineexam/static/test1: -126
[2015-05-04 23:14:55] UPLOAD /home/swapnil/Downloads/web2py/applications/onlineexam/static/my-journal-powerpoint-backgrounds.jpg: 126
[2015-05-04 23:16:05] EDIT onlineexam/views/default/iq1.html: 2
[2015-05-04 23:16:48] EDIT onlineexam/views/default/iq1.html: 0
[2015-05-04 23:17:50] EDIT onlineexam/views/default/iq1.html: 7
[2015-05-04 23:19:30] EDIT onlineexam/views/default/iq1.html: 1
[2015-05-04 23:19:41] EDIT onlineexam/views/default/iq1.html: -1
[2015-05-04 23:20:21] EDIT onlineexam/views/default/iq1.html: 1
[2015-05-04 23:20:56] EDIT onlineexam/views/default/iq1.html: 5
[2015-05-04 23:21:31] EDIT onlineexam/views/default/iq1.html: 2
[2015-05-04 23:23:07] EDIT onlineexam/views/default/iq1.html: 3
[2015-05-04 23:24:02] EDIT onlineexam/views/default/iq1.html: 20
[2015-05-04 23:24:40] EDIT onlineexam/views/default/iq1.html: 3
[2015-05-04 23:26:20] UPLOAD /home/swapnil/Downloads/web2py/applications/onlineexam/static/url.jpeg: 417
[2015-05-04 23:26:40] EDIT onlineexam/views/default/iq1.html: 0
[2015-05-04 23:28:10] UPLOAD /home/swapnil/Downloads/web2py/applications/onlineexam/static/Text_Background_1.jpg: 373
[2015-05-04 23:28:24] EDIT onlineexam/views/default/iq1.html: 0
[2015-05-04 23:29:31] DELETE onlineexam/static/Text_Background_1.jpg: -373
[2015-05-04 23:29:38] UPLOAD /home/swapnil/Downloads/web2py/applications/onlineexam/static/Text_Background_1.jpg: 175
[2015-05-04 23:30:04] EDIT onlineexam/views/default/iq1.html: 0
[2015-05-04 23:30:04] EDIT onlineexam/views/default/iq1.html: 0
[2015-05-04 23:30:44] EDIT onlineexam/views/default/iq1.html: -9
[2015-05-04 23:47:57] EDIT onlineexam/views/default/iq1.html: -2
[2015-05-04 23:48:48] EDIT onlineexam/views/default/iq1.html: 0
[2015-05-04 23:52:13] UPLOAD /home/swapnil/Downloads/web2py/applications/onlineexam/static/images.png: 5
[2015-05-04 23:53:03] EDIT onlineexam/views/default/index.html: 6
[2015-05-04 23:53:48] EDIT onlineexam/views/default/index.html: 1
[2015-05-04 23:53:59] EDIT onlineexam/views/default/index.html: -1
[2015-05-04 23:58:54] EDIT onlineexam/views/default/index.html: -6
[2015-05-05 00:00:23] EDIT onlineexam/views/default/iq1.html: 1
[2015-05-05 00:04:00] EDIT onlineexam/views/default/iq1.html: 0
[2015-05-05 00:04:01] EDIT onlineexam/views/default/marks.html: 0
[2015-05-05 00:04:03] EDIT onlineexam/views/default/index.html: 0
[2015-05-05 01:16:10] UPLOAD /home/swapnil/Downloads/web2py/applications/onlineexam/static/Presentation12.jpg: 10
[2015-05-05 01:17:42] EDIT onlineexam/views/default/index.html: 5
[2015-05-05 01:19:26] UPLOAD /home/swapnil/Downloads/web2py/applications/onlineexam/static/Presentation11.jpg: 8
[2015-05-05 01:19:37] EDIT onlineexam/views/default/index.html: 0
[2015-05-05 01:25:45] EDIT onlineexam/views/default/iq2.html: 56
[2015-05-05 01:30:24] EDIT onlineexam/views/default/iq1.html: 0
[2015-05-05 01:31:47] EDIT onlineexam/views/default/iq2.html: 0
[2015-05-05 01:32:56] EDIT onlineexam/views/default/iq2.html: 0
[2015-05-05 01:33:19] EDIT onlineexam/views/default/iq2.html: 0
[2015-05-05 01:34:16] EDIT onlineexam/views/default/iq2.html: 0
[2015-05-05 01:34:52] EDIT onlineexam/views/default/iq2.html: 0
[2015-05-05 01:36:01] EDIT onlineexam/views/iq1.html: 73
[2015-05-05 01:36:12] EDIT onlineexam/views/default/iq2.html: 0
[2015-05-05 01:37:25] EDIT onlineexam/views/default/marks.html: 1
[2015-05-05 01:38:44] EDIT onlineexam/views/default/marks.html: 4
[2015-05-05 01:39:02] EDIT onlineexam/views/default/marks.html: 0
[2015-05-05 01:39:19] EDIT onlineexam/views/default/marks.html: 2
[2015-05-05 01:44:53] EDIT onlineexam/views/default/marks2.html: 5
[2015-05-05 01:45:43] EDIT onlineexam/views/default/marks2.html: 3
[2015-05-05 01:46:51] UPLOAD /home/swapnil/Downloads/web2py/applications/onlineexam/static/CET-Delhi-Results-2015.jpg: 78
[2015-05-05 01:47:40] EDIT onlineexam/views/default/marks.html: 3
[2015-05-05 01:48:03] EDIT onlineexam/views/default/marks2.html: 3
[2015-05-05 01:48:23] EDIT onlineexam/views/default/marks.html: 15
[2015-05-05 01:48:31] EDIT onlineexam/views/default/marks2.html: 15
[2015-05-05 01:53:06] UPLOAD /home/swapnil/Downloads/web2py/applications/onlineexam/static/mark2.jpeg: 647
[2015-05-05 01:54:12] UPLOAD /home/swapnil/Downloads/web2py/applications/onlineexam/static/mark.jpeg: 36
[2015-05-05 01:54:39] EDIT onlineexam/views/default/marks2.html: 0
[2015-05-05 01:54:57] EDIT onlineexam/views/default/marks2.html: 0
[2015-05-05 01:55:17] EDIT onlineexam/views/default/marks2.html: 0
[2015-05-05 01:55:31] EDIT onlineexam/views/default/marks2.html: 0
[2015-05-05 01:59:22] UPLOAD /home/swapnil/Downloads/web2py/applications/onlineexam/static/fresh-green-background.jpg: 3189
[2015-05-05 02:00:26] EDIT onlineexam/views/default/marks.html: 0
[2015-05-05 02:03:42] UPLOAD /home/swapnil/Downloads/web2py/applications/onlineexam/static/10th-class-Results1.jpg: 40
[2015-05-05 02:04:11] EDIT onlineexam/views/default/marks.html: 0
[2015-05-05 02:04:26] EDIT onlineexam/views/default/marks.html: -1
[2015-05-05 02:05:02] EDIT onlineexam/views/default/marks.html: -6
[2015-05-05 02:06:31] EDIT onlineexam/views/default/marks.html: 3
[2015-05-05 02:07:29] EDIT onlineexam/views/default/marks.html: -1
[2015-05-05 02:08:15] EDIT onlineexam/views/default/marks.html: 0
[2015-05-05 02:08:44] EDIT onlineexam/views/default/marks.html: 0
[2015-05-05 02:09:03] EDIT onlineexam/views/default/marks.html: 0
[2015-05-05 02:09:19] EDIT onlineexam/views/default/marks.html: 0
[2015-05-05 02:09:34] EDIT onlineexam/views/default/marks.html: 0
[2015-05-05 02:09:58] EDIT onlineexam/views/default/marks.html: 0
[2015-05-05 02:52:32] EDIT onlineexam/views/default/marks.html: 0
[2015-06-17 21:31:32] EDIT onlineexam/views/layout.html: 0
